Using pre-set license
Built from '2021.1/staging' branch; Version is '2021.1.5f1 (3737af19df53) revision 3618735'; Using compiler version '192528614'; Build Type 'Release'
OS: 'Windows 10 Home Single Language; OS build 19043.1165; Version 2009; 64bit' Language: 'ru' Physical Memory: 16339 MB
BatchMode: 1, IsHumanControllingUs: 0, StartBugReporterOnCrash: 0, Is64bit: 1, IsPro: 0

 COMMAND LINE ARGUMENTS:
C:\Program Files\2021.1.5f1\Editor\Unity.exe
-adb2
-batchMode
-noUpm
-name
AssetImportWorker1
-projectPath
C:/ProjectUnity/Swiper
-logFile
Logs/AssetImportWorker1.log
-srvPort
64122
Successfully changed project path to: C:/ProjectUnity/Swiper
C:/ProjectUnity/Swiper
Using Asset Import Pipeline V2.
Refreshing native plugins compatible for Editor in 133.99 ms, found 1 plugins.
Preloading 0 native plugins for Editor in 0.00 ms.
Initialize engine version: 2021.1.5f1 (3737af19df53)
[Subsystems] Discovering subsystems at path C:/Program Files/2021.1.5f1/Editor/Data/Resources/UnitySubsystems
[Subsystems] Discovering subsystems at path C:/ProjectUnity/Swiper/Assets
GfxDevice: creating device client; threaded=0; jobified=0
Direct3D:
    Version:  Direct3D 11.0 [level 11.1]
    Renderer: NVIDIA GeForce GTX 1060 (ID=0x1c20)
    Vendor:   NVIDIA
    VRAM:     2987 MB
    Driver:   27.21.14.5167
Initialize mono
Mono path[0] = 'C:/Program Files/2021.1.5f1/Editor/Data/Managed'
Mono path[1] = 'C:/Program Files/2021.1.5f1/Editor/Data/MonoBleedingEdge/lib/mono/unityjit'
Mono config path = 'C:/Program Files/2021.1.5f1/Editor/Data/MonoBleedingEdge/etc'
Using monoOptions --debugger-agent=transport=dt_socket,embedding=1,server=y,suspend=n,address=127.0.0.1:56744
Begin MonoManager ReloadAssembly
Registering precompiled unity dll's ...
Register platform support module: C:/Program Files/2021.1.5f1/Editor/Data/PlaybackEngines/WindowsStandaloneSupport/UnityEditor.WindowsStandalone.Extensions.dll
Registered in 0.003152 seconds.
Native extension for WindowsStandalone target not found
Refreshing native plugins compatible for Editor in 129.89 ms, found 1 plugins.
Preloading 0 native plugins for Editor in 0.00 ms.
Mono: successfully reloaded assembly
- Completed reload, in  2.420 seconds
Platform modules already initialized, skipping
Registering precompiled user dll's ...
Registered in 0.005114 seconds.
Begin MonoManager ReloadAssembly
Native extension for WindowsStandalone target not found
Refreshing native plugins compatible for Editor in 0.62 ms, found 1 plugins.
Preloading 0 native plugins for Editor in 0.00 ms.
Mono: successfully reloaded assembly
- Completed reload, in  1.535 seconds
Platform modules already initialized, skipping
========================================================================
Worker process is ready to serve import requests
Launched and connected shader compiler UnityShaderCompiler.exe after 0.08 seconds
Refreshing native plugins compatible for Editor in 0.64 ms, found 1 plugins.
Preloading 0 native plugins for Editor in 0.00 ms.
Unloading 2737 Unused Serialized files (Serialized files now loaded: 0)
System memory in use before: 121.3 MB.
System memory in use after: 121.5 MB.

Unloading 15 unused Assets to reduce memory usage. Loaded Objects now: 3211.
Total: 2.810700 ms (FindLiveObjects: 0.288700 ms CreateObjectMapping: 0.188300 ms MarkObjects: 2.201100 ms  DeleteObjects: 0.131100 ms)

========================================================================
Received Import Request.
  path: Assets/Prefabs/ExplosionСubeMini (1).prefab
  artifactKey: Guid(2900b4824bb3f5c42a20bee2e5e2fca5) Importer(815301076,1909f56bfc062723c751e8b465ee728b)
Start importing Assets/Prefabs/ExplosionСubeMini (1).prefab using Guid(2900b4824bb3f5c42a20bee2e5e2fca5) Importer(815301076,1909f56bfc062723c751e8b465ee728b)  -> (artifact id: 'd05f4d9292ba19bf8300c72a4aff4c8f') in 0.104858 seconds 
========================================================================
Received Prepare
Registering precompiled user dll's ...
Registered in 0.005634 seconds.
Begin MonoManager ReloadAssembly
Native extension for WindowsStandalone target not found
Refreshing native plugins compatible for Editor in 0.64 ms, found 1 plugins.
Preloading 0 native plugins for Editor in 0.00 ms.
Mono: successfully reloaded assembly
- Completed reload, in  1.438 seconds
Platform modules already initialized, skipping
Switching build target platform(19) subTarget(0) extendedPlatform(0) -> platform(13) subTarget(537395200) extendedPlatform(0)
Refreshing native plugins compatible for Editor in 0.62 ms, found 1 plugins.
Preloading 0 native plugins for Editor in 0.00 ms.
Unloading 2722 Unused Serialized files (Serialized files now loaded: 0)
System memory in use before: 119.7 MB.
System memory in use after: 119.8 MB.

Unloading 10 unused Assets to reduce memory usage. Loaded Objects now: 3214.
Total: 3.120400 ms (FindLiveObjects: 0.277900 ms CreateObjectMapping: 0.169100 ms MarkObjects: 2.611400 ms  DeleteObjects: 0.060400 ms)

AssetImportParameters requested are different than current active one (requested -> active):
  custom:graphics/normal-map-encoding: 01000000000000000000000000000000 -> 02000000000000000000000000000000
========================================================================
Received Prepare
Registering precompiled user dll's ...
Registered in 0.007201 seconds.
Begin MonoManager ReloadAssembly
Native extension for WindowsStandalone target not found
Refreshing native plugins compatible for Editor in 0.64 ms, found 1 plugins.
Preloading 0 native plugins for Editor in 0.00 ms.
Mono: successfully reloaded assembly
- Completed reload, in  1.450 seconds
Platform modules already initialized, skipping
Switching build target platform(19) subTarget(0) extendedPlatform(0) -> platform(13) subTarget(537395200) extendedPlatform(0)
Refreshing native plugins compatible for Editor in 0.64 ms, found 1 plugins.
Preloading 0 native plugins for Editor in 0.00 ms.
Unloading 2722 Unused Serialized files (Serialized files now loaded: 0)
System memory in use before: 119.7 MB.
System memory in use after: 119.9 MB.

Unloading 10 unused Assets to reduce memory usage. Loaded Objects now: 3217.
Total: 2.937500 ms (FindLiveObjects: 0.293900 ms CreateObjectMapping: 0.173900 ms MarkObjects: 2.397500 ms  DeleteObjects: 0.070800 ms)

AssetImportParameters requested are different than current active one (requested -> active):
  custom:graphics/normal-map-encoding: 01000000000000000000000000000000 -> 02000000000000000000000000000000
========================================================================
Received Prepare
Registering precompiled user dll's ...
Registered in 0.004954 seconds.
Begin MonoManager ReloadAssembly
Native extension for WindowsStandalone target not found
Refreshing native plugins compatible for Editor in 0.98 ms, found 1 plugins.
Preloading 0 native plugins for Editor in 0.00 ms.
Mono: successfully reloaded assembly
- Completed reload, in  1.434 seconds
Platform modules already initialized, skipping
Switching build target platform(19) subTarget(0) extendedPlatform(0) -> platform(13) subTarget(537395200) extendedPlatform(0)
Refreshing native plugins compatible for Editor in 0.68 ms, found 1 plugins.
Preloading 0 native plugins for Editor in 0.00 ms.
Unloading 2722 Unused Serialized files (Serialized files now loaded: 0)
System memory in use before: 119.7 MB.
System memory in use after: 119.9 MB.

Unloading 10 unused Assets to reduce memory usage. Loaded Objects now: 3220.
Total: 3.429200 ms (FindLiveObjects: 0.312100 ms CreateObjectMapping: 0.220500 ms MarkObjects: 2.794600 ms  DeleteObjects: 0.099900 ms)

AssetImportParameters requested are different than current active one (requested -> active):
  custom:graphics/normal-map-encoding: 01000000000000000000000000000000 -> 02000000000000000000000000000000
========================================================================
Received Import Request.
  Time since last request: 1205.762296 seconds.
  path: Assets/Prefabs/ExplosionСubeMini.prefab
  artifactKey: Guid(1547237c5750c434aaf96367cae942cb) Importer(815301076,1909f56bfc062723c751e8b465ee728b)
Start importing Assets/Prefabs/ExplosionСubeMini.prefab using Guid(1547237c5750c434aaf96367cae942cb) Importer(815301076,1909f56bfc062723c751e8b465ee728b)  -> (artifact id: '0be971dd275371e7ab391769c570fa5a') in 0.056136 seconds 
========================================================================
Received Prepare
Registering precompiled user dll's ...
Registered in 0.005340 seconds.
Begin MonoManager ReloadAssembly
Native extension for WindowsStandalone target not found
Refreshing native plugins compatible for Editor in 0.63 ms, found 1 plugins.
Preloading 0 native plugins for Editor in 0.00 ms.
Mono: successfully reloaded assembly
- Completed reload, in  1.446 seconds
Platform modules already initialized, skipping
Switching build target platform(19) subTarget(0) extendedPlatform(0) -> platform(13) subTarget(537395200) extendedPlatform(0)
Refreshing native plugins compatible for Editor in 0.62 ms, found 1 plugins.
Preloading 0 native plugins for Editor in 0.00 ms.
Unloading 2722 Unused Serialized files (Serialized files now loaded: 0)
System memory in use before: 119.8 MB.
System memory in use after: 120.0 MB.

Unloading 10 unused Assets to reduce memory usage. Loaded Objects now: 3223.
Total: 3.298300 ms (FindLiveObjects: 0.421200 ms CreateObjectMapping: 0.243300 ms MarkObjects: 2.568600 ms  DeleteObjects: 0.063900 ms)

AssetImportParameters requested are different than current active one (requested -> active):
  custom:graphics/normal-map-encoding: 01000000000000000000000000000000 -> 02000000000000000000000000000000
========================================================================
Received Import Request.
  Time since last request: 44.674640 seconds.
  path: Assets/Prefabs/ExplosionСubeMini.prefab
  artifactKey: Guid(1547237c5750c434aaf96367cae942cb) Importer(815301076,1909f56bfc062723c751e8b465ee728b)
Start importing Assets/Prefabs/ExplosionСubeMini.prefab using Guid(1547237c5750c434aaf96367cae942cb) Importer(815301076,1909f56bfc062723c751e8b465ee728b)  -> (artifact id: '0354bb9810586dee78feb65a65299880') in 0.040815 seconds 
========================================================================
Received Prepare
Registering precompiled user dll's ...
Registered in 0.005086 seconds.
Begin MonoManager ReloadAssembly
Native extension for WindowsStandalone target not found
Refreshing native plugins compatible for Editor in 0.63 ms, found 1 plugins.
Preloading 0 native plugins for Editor in 0.00 ms.
Mono: successfully reloaded assembly
- Completed reload, in  1.464 seconds
Platform modules already initialized, skipping
Switching build target platform(19) subTarget(0) extendedPlatform(0) -> platform(13) subTarget(537395200) extendedPlatform(0)
Refreshing native plugins compatible for Editor in 0.62 ms, found 1 plugins.
Preloading 0 native plugins for Editor in 0.00 ms.
Unloading 2722 Unused Serialized files (Serialized files now loaded: 0)
System memory in use before: 119.8 MB.
System memory in use after: 120.0 MB.

Unloading 10 unused Assets to reduce memory usage. Loaded Objects now: 3226.
Total: 3.285400 ms (FindLiveObjects: 0.272800 ms CreateObjectMapping: 0.184900 ms MarkObjects: 2.765200 ms  DeleteObjects: 0.061500 ms)

AssetImportParameters requested are different than current active one (requested -> active):
  custom:graphics/normal-map-encoding: 01000000000000000000000000000000 -> 02000000000000000000000000000000
========================================================================
Received Import Request.
  Time since last request: 33.946589 seconds.
  path: Assets/Prefabs/ExplosionСubeMini.prefab
  artifactKey: Guid(1547237c5750c434aaf96367cae942cb) Importer(815301076,1909f56bfc062723c751e8b465ee728b)
Start importing Assets/Prefabs/ExplosionСubeMini.prefab using Guid(1547237c5750c434aaf96367cae942cb) Importer(815301076,1909f56bfc062723c751e8b465ee728b)  -> (artifact id: '040d892090d70d9097fc24d91c5670de') in 0.049299 seconds 
========================================================================
Received Prepare
Registering precompiled user dll's ...
Registered in 0.004894 seconds.
Begin MonoManager ReloadAssembly
Native extension for WindowsStandalone target not found
Refreshing native plugins compatible for Editor in 0.68 ms, found 1 plugins.
Preloading 0 native plugins for Editor in 0.00 ms.
Mono: successfully reloaded assembly
- Completed reload, in  1.450 seconds
Platform modules already initialized, skipping
Switching build target platform(19) subTarget(0) extendedPlatform(0) -> platform(13) subTarget(537395200) extendedPlatform(0)
Refreshing native plugins compatible for Editor in 0.67 ms, found 1 plugins.
Preloading 0 native plugins for Editor in 0.00 ms.
Unloading 2722 Unused Serialized files (Serialized files now loaded: 0)
System memory in use before: 119.8 MB.
System memory in use after: 120.0 MB.

Unloading 10 unused Assets to reduce memory usage. Loaded Objects now: 3229.
Total: 3.098300 ms (FindLiveObjects: 0.267900 ms CreateObjectMapping: 0.171900 ms MarkObjects: 2.597300 ms  DeleteObjects: 0.060100 ms)

AssetImportParameters requested are different than current active one (requested -> active):
  custom:graphics/normal-map-encoding: 01000000000000000000000000000000 -> 02000000000000000000000000000000
========================================================================
Received Prepare
Registering precompiled user dll's ...
Registered in 0.004805 seconds.
Begin MonoManager ReloadAssembly
Native extension for WindowsStandalone target not found
Refreshing native plugins compatible for Editor in 0.64 ms, found 1 plugins.
Preloading 0 native plugins for Editor in 0.00 ms.
Mono: successfully reloaded assembly
- Completed reload, in  1.456 seconds
Platform modules already initialized, skipping
Switching build target platform(19) subTarget(0) extendedPlatform(0) -> platform(13) subTarget(537395200) extendedPlatform(0)
Refreshing native plugins compatible for Editor in 0.63 ms, found 1 plugins.
Preloading 0 native plugins for Editor in 0.00 ms.
Unloading 2722 Unused Serialized files (Serialized files now loaded: 0)
System memory in use before: 119.8 MB.
System memory in use after: 120.0 MB.

Unloading 10 unused Assets to reduce memory usage. Loaded Objects now: 3232.
Total: 3.219100 ms (FindLiveObjects: 0.281200 ms CreateObjectMapping: 0.181500 ms MarkObjects: 2.692900 ms  DeleteObjects: 0.062400 ms)

AssetImportParameters requested are different than current active one (requested -> active):
  custom:graphics/normal-map-encoding: 01000000000000000000000000000000 -> 02000000000000000000000000000000
========================================================================
Received Prepare
Registering precompiled user dll's ...
Registered in 0.100476 seconds.
Begin MonoManager ReloadAssembly
Native extension for WindowsStandalone target not found
Refreshing native plugins compatible for Editor in 0.67 ms, found 1 plugins.
Preloading 0 native plugins for Editor in 0.00 ms.
Mono: successfully reloaded assembly
- Completed reload, in  2.828 seconds
Platform modules already initialized, skipping
Switching build target platform(19) subTarget(0) extendedPlatform(0) -> platform(13) subTarget(537395200) extendedPlatform(0)
Refreshing native plugins compatible for Editor in 0.77 ms, found 1 plugins.
Preloading 0 native plugins for Editor in 0.00 ms.
Unloading 2722 Unused Serialized files (Serialized files now loaded: 0)
System memory in use before: 119.8 MB.
System memory in use after: 120.0 MB.

Unloading 10 unused Assets to reduce memory usage. Loaded Objects now: 3235.
Total: 3.129400 ms (FindLiveObjects: 0.289100 ms CreateObjectMapping: 0.193500 ms MarkObjects: 2.532200 ms  DeleteObjects: 0.113700 ms)

AssetImportParameters requested are different than current active one (requested -> active):
  custom:graphics/normal-map-encoding: 01000000000000000000000000000000 -> 02000000000000000000000000000000
========================================================================
Received Import Request.
  Time since last request: 91572.109401 seconds.
  path: Assets/Material/ShardOfCube.mat
  artifactKey: Guid(875b10b2574a6ff42836417405bfb79d) Importer(815301076,1909f56bfc062723c751e8b465ee728b)
Start importing Assets/Material/ShardOfCube.mat using Guid(875b10b2574a6ff42836417405bfb79d) Importer(815301076,1909f56bfc062723c751e8b465ee728b)  -> (artifact id: 'ccd555dc228764555e9c12cd2a02645d') in 0.484391 seconds 
========================================================================
Received Import Request.
  Time since last request: 13.950146 seconds.
  path: Assets/Prefabs/ExplosionСubeMini.prefab
  artifactKey: Guid(1547237c5750c434aaf96367cae942cb) Importer(815301076,1909f56bfc062723c751e8b465ee728b)
Start importing Assets/Prefabs/ExplosionСubeMini.prefab using Guid(1547237c5750c434aaf96367cae942cb) Importer(815301076,1909f56bfc062723c751e8b465ee728b)  -> (artifact id: '613103506ed48d3c35d5b77eb7c88c25') in 0.028393 seconds 
========================================================================
Received Import Request.
  Time since last request: 2.703206 seconds.
  path: Assets/Prefabs/ExplosionСubeMini.prefab
  artifactKey: Guid(1547237c5750c434aaf96367cae942cb) Importer(815301076,1909f56bfc062723c751e8b465ee728b)
Start importing Assets/Prefabs/ExplosionСubeMini.prefab using Guid(1547237c5750c434aaf96367cae942cb) Importer(815301076,1909f56bfc062723c751e8b465ee728b)  -> (artifact id: '38c87e9e6386018fca9551354b098371') in 0.007428 seconds 
========================================================================
Received Prepare
Registering precompiled user dll's ...
Registered in 0.006979 seconds.
Begin MonoManager ReloadAssembly
Native extension for WindowsStandalone target not found
Refreshing native plugins compatible for Editor in 0.71 ms, found 1 plugins.
Preloading 0 native plugins for Editor in 0.00 ms.
Mono: successfully reloaded assembly
- Completed reload, in  1.607 seconds
Platform modules already initialized, skipping
Switching build target platform(19) subTarget(0) extendedPlatform(0) -> platform(13) subTarget(537395200) extendedPlatform(0)
Refreshing native plugins compatible for Editor in 0.67 ms, found 1 plugins.
Preloading 0 native plugins for Editor in 0.00 ms.
Unloading 2722 Unused Serialized files (Serialized files now loaded: 0)
System memory in use before: 123.7 MB.
System memory in use after: 123.9 MB.

Unloading 10 unused Assets to reduce memory usage. Loaded Objects now: 3278.
Total: 3.153400 ms (FindLiveObjects: 0.283600 ms CreateObjectMapping: 0.192000 ms MarkObjects: 2.587000 ms  DeleteObjects: 0.089000 ms)

AssetImportParameters requested are different than current active one (requested -> active):
  custom:graphics/normal-map-encoding: 01000000000000000000000000000000 -> 02000000000000000000000000000000
========================================================================
Received Import Request.
  Time since last request: 93.472770 seconds.
  path: Assets/Prefabs/ExplosionСubeMini.prefab
  artifactKey: Guid(1547237c5750c434aaf96367cae942cb) Importer(815301076,1909f56bfc062723c751e8b465ee728b)
Start importing Assets/Prefabs/ExplosionСubeMini.prefab using Guid(1547237c5750c434aaf96367cae942cb) Importer(815301076,1909f56bfc062723c751e8b465ee728b)  -> (artifact id: '7b73bf12763b867fcbc9d59713ef1d5b') in 0.051537 seconds 
========================================================================
Received Prepare
Registering precompiled user dll's ...
Registered in 0.006969 seconds.
Begin MonoManager ReloadAssembly
Native extension for WindowsStandalone target not found
Refreshing native plugins compatible for Editor in 0.65 ms, found 1 plugins.
Preloading 0 native plugins for Editor in 0.00 ms.
Mono: successfully reloaded assembly
- Completed reload, in  2.407 seconds
Platform modules already initialized, skipping
Switching build target platform(19) subTarget(0) extendedPlatform(0) -> platform(13) subTarget(537395200) extendedPlatform(0)
Refreshing native plugins compatible for Editor in 0.97 ms, found 1 plugins.
Preloading 0 native plugins for Editor in 0.00 ms.
Unloading 2722 Unused Serialized files (Serialized files now loaded: 0)
System memory in use before: 123.7 MB.
System memory in use after: 123.9 MB.

Unloading 10 unused Assets to reduce memory usage. Loaded Objects now: 3281.
Total: 3.805800 ms (FindLiveObjects: 0.305900 ms CreateObjectMapping: 0.208100 ms MarkObjects: 3.225600 ms  DeleteObjects: 0.064300 ms)

AssetImportParameters requested are different than current active one (requested -> active):
  custom:graphics/normal-map-encoding: 01000000000000000000000000000000 -> 02000000000000000000000000000000
========================================================================
Received Prepare
Registering precompiled user dll's ...
Registered in 0.006839 seconds.
Begin MonoManager ReloadAssembly
Native extension for WindowsStandalone target not found
Refreshing native plugins compatible for Editor in 0.67 ms, found 1 plugins.
Preloading 0 native plugins for Editor in 0.00 ms.
Mono: successfully reloaded assembly
- Completed reload, in  1.895 seconds
Platform modules already initialized, skipping
Switching build target platform(19) subTarget(0) extendedPlatform(0) -> platform(13) subTarget(537395200) extendedPlatform(0)
Refreshing native plugins compatible for Editor in 1.07 ms, found 1 plugins.
Preloading 0 native plugins for Editor in 0.00 ms.
Unloading 2722 Unused Serialized files (Serialized files now loaded: 0)
System memory in use before: 123.8 MB.
System memory in use after: 123.9 MB.

Unloading 10 unused Assets to reduce memory usage. Loaded Objects now: 3284.
Total: 6.664200 ms (FindLiveObjects: 0.308900 ms CreateObjectMapping: 0.316300 ms MarkObjects: 5.943900 ms  DeleteObjects: 0.092900 ms)

AssetImportParameters requested are different than current active one (requested -> active):
  custom:graphics/normal-map-encoding: 01000000000000000000000000000000 -> 02000000000000000000000000000000
========================================================================
Received Prepare
Registering precompiled user dll's ...
Registered in 0.009836 seconds.
Begin MonoManager ReloadAssembly
Native extension for WindowsStandalone target not found
Refreshing native plugins compatible for Editor in 0.62 ms, found 1 plugins.
Preloading 0 native plugins for Editor in 0.00 ms.
Mono: successfully reloaded assembly
- Completed reload, in  1.665 seconds
Platform modules already initialized, skipping
Switching build target platform(19) subTarget(0) extendedPlatform(0) -> platform(13) subTarget(537395200) extendedPlatform(0)
Refreshing native plugins compatible for Editor in 0.85 ms, found 1 plugins.
Preloading 0 native plugins for Editor in 0.00 ms.
Unloading 2722 Unused Serialized files (Serialized files now loaded: 0)
System memory in use before: 123.8 MB.
System memory in use after: 124.0 MB.

Unloading 10 unused Assets to reduce memory usage. Loaded Objects now: 3287.
Total: 3.330100 ms (FindLiveObjects: 0.530000 ms CreateObjectMapping: 0.218000 ms MarkObjects: 2.511600 ms  DeleteObjects: 0.067800 ms)

AssetImportParameters requested are different than current active one (requested -> active):
  custom:graphics/normal-map-encoding: 01000000000000000000000000000000 -> 02000000000000000000000000000000
========================================================================
Received Import Request.
  Time since last request: 449.413640 seconds.
  path: Assets/Prefabs/ExplosionСubeMini.prefab
  artifactKey: Guid(1547237c5750c434aaf96367cae942cb) Importer(815301076,1909f56bfc062723c751e8b465ee728b)
Start importing Assets/Prefabs/ExplosionСubeMini.prefab using Guid(1547237c5750c434aaf96367cae942cb) Importer(815301076,1909f56bfc062723c751e8b465ee728b)  -> (artifact id: '70932d2cae9c33c44d4386b984f92f1c') in 0.147636 seconds 
========================================================================
Received Import Request.
  Time since last request: 4.586990 seconds.
  path: Assets/Prefabs/ExplosionСubeMini.prefab
  artifactKey: Guid(1547237c5750c434aaf96367cae942cb) Importer(815301076,1909f56bfc062723c751e8b465ee728b)
Start importing Assets/Prefabs/ExplosionСubeMini.prefab using Guid(1547237c5750c434aaf96367cae942cb) Importer(815301076,1909f56bfc062723c751e8b465ee728b)  -> (artifact id: '55446ce7e3b93efc0dd03dbed23c28db') in 0.008199 seconds 
========================================================================
Received Import Request.
  Time since last request: 7.144390 seconds.
  path: Assets/Prefabs/ExplosionСubeMini.prefab
  artifactKey: Guid(1547237c5750c434aaf96367cae942cb) Importer(815301076,1909f56bfc062723c751e8b465ee728b)
Start importing Assets/Prefabs/ExplosionСubeMini.prefab using Guid(1547237c5750c434aaf96367cae942cb) Importer(815301076,1909f56bfc062723c751e8b465ee728b)  -> (artifact id: '501ff69488ab54930eea53c13b9cd7e6') in 0.009468 seconds 
========================================================================
Received Prepare
Registering precompiled user dll's ...
Registered in 0.006848 seconds.
Begin MonoManager ReloadAssembly
Native extension for WindowsStandalone target not found
Refreshing native plugins compatible for Editor in 0.70 ms, found 1 plugins.
Preloading 0 native plugins for Editor in 0.00 ms.
Mono: successfully reloaded assembly
- Completed reload, in  1.675 seconds
Platform modules already initialized, skipping
Switching build target platform(19) subTarget(0) extendedPlatform(0) -> platform(13) subTarget(537395200) extendedPlatform(0)
Refreshing native plugins compatible for Editor in 0.68 ms, found 1 plugins.
Preloading 0 native plugins for Editor in 0.00 ms.
Unloading 2722 Unused Serialized files (Serialized files now loaded: 0)
System memory in use before: 123.8 MB.
System memory in use after: 124.0 MB.

Unloading 10 unused Assets to reduce memory usage. Loaded Objects now: 3290.
Total: 3.257900 ms (FindLiveObjects: 0.293900 ms CreateObjectMapping: 0.166700 ms MarkObjects: 2.732800 ms  DeleteObjects: 0.063100 ms)

AssetImportParameters requested are different than current active one (requested -> active):
  custom:graphics/normal-map-encoding: 01000000000000000000000000000000 -> 02000000000000000000000000000000
========================================================================
Received Import Request.
  Time since last request: 24.566947 seconds.
  path: Assets/Prefabs/ExplosionСubeMini.prefab
  artifactKey: Guid(1547237c5750c434aaf96367cae942cb) Importer(815301076,1909f56bfc062723c751e8b465ee728b)
Start importing Assets/Prefabs/ExplosionСubeMini.prefab using Guid(1547237c5750c434aaf96367cae942cb) Importer(815301076,1909f56bfc062723c751e8b465ee728b)  -> (artifact id: '5002bc6cfb364e13f9b918661a0deb26') in 0.042438 seconds 
========================================================================
Received Import Request.
  Time since last request: 6.111047 seconds.
  path: Assets/Prefabs/ExplosionСubeMini.prefab
  artifactKey: Guid(1547237c5750c434aaf96367cae942cb) Importer(815301076,1909f56bfc062723c751e8b465ee728b)
Start importing Assets/Prefabs/ExplosionСubeMini.prefab using Guid(1547237c5750c434aaf96367cae942cb) Importer(815301076,1909f56bfc062723c751e8b465ee728b)  -> (artifact id: '727440d4f46cc3832a966f272678e8a3') in 0.007089 seconds 
========================================================================
Received Import Request.
  Time since last request: 12.786611 seconds.
  path: Assets/Prefabs/ExplosionСubeMini.prefab
  artifactKey: Guid(1547237c5750c434aaf96367cae942cb) Importer(815301076,1909f56bfc062723c751e8b465ee728b)
Start importing Assets/Prefabs/ExplosionСubeMini.prefab using Guid(1547237c5750c434aaf96367cae942cb) Importer(815301076,1909f56bfc062723c751e8b465ee728b)  -> (artifact id: '68d4a9388977d0b1053ece4bb91defdb') in 0.010984 seconds 
========================================================================
Received Prepare
Registering precompiled user dll's ...
Registered in 0.005725 seconds.
Begin MonoManager ReloadAssembly
Native extension for WindowsStandalone target not found
Refreshing native plugins compatible for Editor in 0.65 ms, found 1 plugins.
Preloading 0 native plugins for Editor in 0.00 ms.
Mono: successfully reloaded assembly
- Completed reload, in  1.831 seconds
Platform modules already initialized, skipping
Switching build target platform(19) subTarget(0) extendedPlatform(0) -> platform(13) subTarget(537395200) extendedPlatform(0)
Refreshing native plugins compatible for Editor in 0.62 ms, found 1 plugins.
Preloading 0 native plugins for Editor in 0.00 ms.
Unloading 2722 Unused Serialized files (Serialized files now loaded: 0)
System memory in use before: 123.8 MB.
System memory in use after: 124.0 MB.

Unloading 10 unused Assets to reduce memory usage. Loaded Objects now: 3293.
Total: 3.177800 ms (FindLiveObjects: 0.302300 ms CreateObjectMapping: 0.196800 ms MarkObjects: 2.607600 ms  DeleteObjects: 0.069800 ms)

AssetImportParameters requested are different than current active one (requested -> active):
  custom:graphics/normal-map-encoding: 01000000000000000000000000000000 -> 02000000000000000000000000000000
========================================================================
Received Import Request.
  Time since last request: 5999.462270 seconds.
  path: Assets/Prefabs/ExplosionСubeMini.prefab
  artifactKey: Guid(1547237c5750c434aaf96367cae942cb) Importer(815301076,1909f56bfc062723c751e8b465ee728b)
Start importing Assets/Prefabs/ExplosionСubeMini.prefab using Guid(1547237c5750c434aaf96367cae942cb) Importer(815301076,1909f56bfc062723c751e8b465ee728b)  -> (artifact id: 'dbe0c3033364962bacc6d1d2a6b2a691') in 0.119090 seconds 
========================================================================
Received Import Request.
  Time since last request: 1.404710 seconds.
  path: Assets/Prefabs/ExplosionСubeMini.prefab
  artifactKey: Guid(1547237c5750c434aaf96367cae942cb) Importer(815301076,1909f56bfc062723c751e8b465ee728b)
Start importing Assets/Prefabs/ExplosionСubeMini.prefab using Guid(1547237c5750c434aaf96367cae942cb) Importer(815301076,1909f56bfc062723c751e8b465ee728b)  -> (artifact id: 'ef2102e681e3481711efb57bfb853acc') in 0.011144 seconds 
========================================================================
Received Import Request.
  Time since last request: 9.928803 seconds.
  path: Assets/Prefabs/ExplosionСubeMini.prefab
  artifactKey: Guid(1547237c5750c434aaf96367cae942cb) Importer(815301076,1909f56bfc062723c751e8b465ee728b)
Start importing Assets/Prefabs/ExplosionСubeMini.prefab using Guid(1547237c5750c434aaf96367cae942cb) Importer(815301076,1909f56bfc062723c751e8b465ee728b)  -> (artifact id: 'eab8b54c69e2279228320e62d6d8f81f') in 0.006743 seconds 
========================================================================
Received Prepare
Registering precompiled user dll's ...
Registered in 0.004949 seconds.
Begin MonoManager ReloadAssembly
Native extension for WindowsStandalone target not found
Refreshing native plugins compatible for Editor in 0.62 ms, found 1 plugins.
Preloading 0 native plugins for Editor in 0.00 ms.
Mono: successfully reloaded assembly
- Completed reload, in  1.838 seconds
Platform modules already initialized, skipping
Switching build target platform(19) subTarget(0) extendedPlatform(0) -> platform(13) subTarget(537395200) extendedPlatform(0)
Refreshing native plugins compatible for Editor in 0.77 ms, found 1 plugins.
Preloading 0 native plugins for Editor in 0.00 ms.
Unloading 2722 Unused Serialized files (Serialized files now loaded: 0)
System memory in use before: 123.8 MB.
System memory in use after: 124.0 MB.

Unloading 10 unused Assets to reduce memory usage. Loaded Objects now: 3296.
Total: 3.124700 ms (FindLiveObjects: 0.296300 ms CreateObjectMapping: 0.171000 ms MarkObjects: 2.563200 ms  DeleteObjects: 0.093000 ms)

AssetImportParameters requested are different than current active one (requested -> active):
  custom:graphics/normal-map-encoding: 01000000000000000000000000000000 -> 02000000000000000000000000000000
========================================================================
Received Import Request.
  Time since last request: 25.260228 seconds.
  path: Assets/Prefabs/ExplosionСubeMini.prefab
  artifactKey: Guid(1547237c5750c434aaf96367cae942cb) Importer(815301076,1909f56bfc062723c751e8b465ee728b)
Start importing Assets/Prefabs/ExplosionСubeMini.prefab using Guid(1547237c5750c434aaf96367cae942cb) Importer(815301076,1909f56bfc062723c751e8b465ee728b)  -> (artifact id: 'd47ae216888ad608771b05e9c13413ed') in 0.044636 seconds 
========================================================================
Received Import Request.
  Time since last request: 1.866342 seconds.
  path: Assets/Prefabs/ExplosionСubeMini.prefab
  artifactKey: Guid(1547237c5750c434aaf96367cae942cb) Importer(815301076,1909f56bfc062723c751e8b465ee728b)
Start importing Assets/Prefabs/ExplosionСubeMini.prefab using Guid(1547237c5750c434aaf96367cae942cb) Importer(815301076,1909f56bfc062723c751e8b465ee728b)  -> (artifact id: 'bcd75de0d912b58320fbe57aaadf648c') in 0.010125 seconds 
========================================================================
Received Import Request.
  Time since last request: 2.894712 seconds.
  path: Assets/Prefabs/ExplosionСubeMini.prefab
  artifactKey: Guid(1547237c5750c434aaf96367cae942cb) Importer(815301076,1909f56bfc062723c751e8b465ee728b)
Start importing Assets/Prefabs/ExplosionСubeMini.prefab using Guid(1547237c5750c434aaf96367cae942cb) Importer(815301076,1909f56bfc062723c751e8b465ee728b)  -> (artifact id: 'e3393b08ef7852dcb36b8f59afa21b2a') in 0.009275 seconds 
========================================================================
Received Prepare
Registering precompiled user dll's ...
Registered in 0.005719 seconds.
Begin MonoManager ReloadAssembly
Native extension for WindowsStandalone target not found
Refreshing native plugins compatible for Editor in 0.69 ms, found 1 plugins.
Preloading 0 native plugins for Editor in 0.00 ms.
Mono: successfully reloaded assembly
- Completed reload, in  1.908 seconds
Platform modules already initialized, skipping
Switching build target platform(19) subTarget(0) extendedPlatform(0) -> platform(13) subTarget(537395200) extendedPlatform(0)
Refreshing native plugins compatible for Editor in 0.66 ms, found 1 plugins.
Preloading 0 native plugins for Editor in 0.00 ms.
Unloading 2722 Unused Serialized files (Serialized files now loaded: 0)
System memory in use before: 123.8 MB.
System memory in use after: 124.0 MB.

Unloading 10 unused Assets to reduce memory usage. Loaded Objects now: 3299.
Total: 3.039400 ms (FindLiveObjects: 0.312200 ms CreateObjectMapping: 0.173000 ms MarkObjects: 2.490200 ms  DeleteObjects: 0.062900 ms)

AssetImportParameters requested are different than current active one (requested -> active):
  custom:graphics/normal-map-encoding: 01000000000000000000000000000000 -> 02000000000000000000000000000000
========================================================================
Received Import Request.
  Time since last request: 23.267248 seconds.
  path: Assets/Prefabs/ExplosionСubeMini.prefab
  artifactKey: Guid(1547237c5750c434aaf96367cae942cb) Importer(815301076,1909f56bfc062723c751e8b465ee728b)
Start importing Assets/Prefabs/ExplosionСubeMini.prefab using Guid(1547237c5750c434aaf96367cae942cb) Importer(815301076,1909f56bfc062723c751e8b465ee728b)  -> (artifact id: '04314dd656cd4280c410a6eaaabea0c9') in 0.043061 seconds 
========================================================================
Received Prepare
Registering precompiled user dll's ...
Registered in 0.006726 seconds.
Begin MonoManager ReloadAssembly
Native extension for WindowsStandalone target not found
Refreshing native plugins compatible for Editor in 0.91 ms, found 1 plugins.
Preloading 0 native plugins for Editor in 0.00 ms.
Mono: successfully reloaded assembly
- Completed reload, in  2.016 seconds
Platform modules already initialized, skipping
Switching build target platform(19) subTarget(0) extendedPlatform(0) -> platform(13) subTarget(537395200) extendedPlatform(0)
Refreshing native plugins compatible for Editor in 0.74 ms, found 1 plugins.
Preloading 0 native plugins for Editor in 0.00 ms.
Unloading 2722 Unused Serialized files (Serialized files now loaded: 0)
System memory in use before: 123.8 MB.
System memory in use after: 124.0 MB.

Unloading 10 unused Assets to reduce memory usage. Loaded Objects now: 3302.
Total: 4.292900 ms (FindLiveObjects: 0.592100 ms CreateObjectMapping: 0.440900 ms MarkObjects: 3.167900 ms  DeleteObjects: 0.089400 ms)

AssetImportParameters requested are different than current active one (requested -> active):
  custom:graphics/normal-map-encoding: 01000000000000000000000000000000 -> 02000000000000000000000000000000
========================================================================
Received Prepare
Registering precompiled user dll's ...
Registered in 0.005294 seconds.
Begin MonoManager ReloadAssembly
Native extension for WindowsStandalone target not found
Refreshing native plugins compatible for Editor in 0.62 ms, found 1 plugins.
Preloading 0 native plugins for Editor in 0.00 ms.
Mono: successfully reloaded assembly
- Completed reload, in  1.747 seconds
Platform modules already initialized, skipping
Switching build target platform(19) subTarget(0) extendedPlatform(0) -> platform(13) subTarget(537395200) extendedPlatform(0)
Refreshing native plugins compatible for Editor in 0.61 ms, found 1 plugins.
Preloading 0 native plugins for Editor in 0.00 ms.
Unloading 2722 Unused Serialized files (Serialized files now loaded: 0)
System memory in use before: 123.8 MB.
System memory in use after: 124.0 MB.

Unloading 10 unused Assets to reduce memory usage. Loaded Objects now: 3305.
Total: 4.195300 ms (FindLiveObjects: 0.446100 ms CreateObjectMapping: 0.260200 ms MarkObjects: 3.413700 ms  DeleteObjects: 0.073100 ms)

AssetImportParameters requested are different than current active one (requested -> active):
  custom:graphics/normal-map-encoding: 01000000000000000000000000000000 -> 02000000000000000000000000000000
========================================================================
Received Import Request.
  Time since last request: 137.581938 seconds.
  path: Assets/Prefabs/ExplosionСubeMini.prefab
  artifactKey: Guid(1547237c5750c434aaf96367cae942cb) Importer(815301076,1909f56bfc062723c751e8b465ee728b)
Start importing Assets/Prefabs/ExplosionСubeMini.prefab using Guid(1547237c5750c434aaf96367cae942cb) Importer(815301076,1909f56bfc062723c751e8b465ee728b)  -> (artifact id: '58d53bbe87e29e500bdb2f4e072646d9') in 0.044602 seconds 
========================================================================
Received Import Request.
  Time since last request: 0.773829 seconds.
  path: Assets/Prefabs/ExplosionСubeMini.prefab
  artifactKey: Guid(1547237c5750c434aaf96367cae942cb) Importer(815301076,1909f56bfc062723c751e8b465ee728b)
Start importing Assets/Prefabs/ExplosionСubeMini.prefab using Guid(1547237c5750c434aaf96367cae942cb) Importer(815301076,1909f56bfc062723c751e8b465ee728b)  -> (artifact id: '0a1ffe10f6d9a5e031166a441cbef98d') in 0.008597 seconds 
========================================================================
Received Import Request.
  Time since last request: 34.360812 seconds.
  path: Assets/Prefabs/ExplosionСubeMini.prefab
  artifactKey: Guid(1547237c5750c434aaf96367cae942cb) Importer(815301076,1909f56bfc062723c751e8b465ee728b)
Start importing Assets/Prefabs/ExplosionСubeMini.prefab using Guid(1547237c5750c434aaf96367cae942cb) Importer(815301076,1909f56bfc062723c751e8b465ee728b)  -> (artifact id: '408f4ad7e69b86bc0eafd369c71401d4') in 0.009612 seconds 
========================================================================
Received Import Request.
  Time since last request: 2.632963 seconds.
  path: Assets/Prefabs/ExplosionСubeMini.prefab
  artifactKey: Guid(1547237c5750c434aaf96367cae942cb) Importer(815301076,1909f56bfc062723c751e8b465ee728b)
Start importing Assets/Prefabs/ExplosionСubeMini.prefab using Guid(1547237c5750c434aaf96367cae942cb) Importer(815301076,1909f56bfc062723c751e8b465ee728b)  -> (artifact id: 'cfe7f92868ee84ce09ea4a72a29415bb') in 0.008760 seconds 
========================================================================
Received Import Request.
  Time since last request: 1.213622 seconds.
  path: Assets/Prefabs/ExplosionСubeMini.prefab
  artifactKey: Guid(1547237c5750c434aaf96367cae942cb) Importer(815301076,1909f56bfc062723c751e8b465ee728b)
Start importing Assets/Prefabs/ExplosionСubeMini.prefab using Guid(1547237c5750c434aaf96367cae942cb) Importer(815301076,1909f56bfc062723c751e8b465ee728b)  -> (artifact id: 'd8571395f15a65cbb0d46778312c19da') in 0.009165 seconds 
========================================================================
Received Import Request.
  Time since last request: 3.644084 seconds.
  path: Assets/Prefabs/ExplosionСubeMini.prefab
  artifactKey: Guid(1547237c5750c434aaf96367cae942cb) Importer(815301076,1909f56bfc062723c751e8b465ee728b)
Start importing Assets/Prefabs/ExplosionСubeMini.prefab using Guid(1547237c5750c434aaf96367cae942cb) Importer(815301076,1909f56bfc062723c751e8b465ee728b)  -> (artifact id: '484ac625791db48682e5247f5a7baefe') in 0.008999 seconds 
========================================================================
Received Import Request.
  Time since last request: 2.406509 seconds.
  path: Assets/Prefabs/ExplosionСubeMini.prefab
  artifactKey: Guid(1547237c5750c434aaf96367cae942cb) Importer(815301076,1909f56bfc062723c751e8b465ee728b)
Start importing Assets/Prefabs/ExplosionСubeMini.prefab using Guid(1547237c5750c434aaf96367cae942cb) Importer(815301076,1909f56bfc062723c751e8b465ee728b)  -> (artifact id: 'a78e8fe4ccdece836446860317aa0c64') in 0.009529 seconds 
========================================================================
Received Import Request.
  Time since last request: 3.643134 seconds.
  path: Assets/Prefabs/ExplosionСubeMini.prefab
  artifactKey: Guid(1547237c5750c434aaf96367cae942cb) Importer(815301076,1909f56bfc062723c751e8b465ee728b)
Start importing Assets/Prefabs/ExplosionСubeMini.prefab using Guid(1547237c5750c434aaf96367cae942cb) Importer(815301076,1909f56bfc062723c751e8b465ee728b)  -> (artifact id: '6f38aa2446436456241b5d315f01ef28') in 0.007986 seconds 
========================================================================
Received Import Request.
  Time since last request: 10.988972 seconds.
  path: Assets/Prefabs/ExplosionСubeMini.prefab
  artifactKey: Guid(1547237c5750c434aaf96367cae942cb) Importer(815301076,1909f56bfc062723c751e8b465ee728b)
Start importing Assets/Prefabs/ExplosionСubeMini.prefab using Guid(1547237c5750c434aaf96367cae942cb) Importer(815301076,1909f56bfc062723c751e8b465ee728b)  -> (artifact id: '486820e8f09503875a8a071bb55f4b4a') in 0.006548 seconds 
========================================================================
Received Prepare
Registering precompiled user dll's ...
Registered in 0.006039 seconds.
Begin MonoManager ReloadAssembly
Native extension for WindowsStandalone target not found
Refreshing native plugins compatible for Editor in 0.95 ms, found 1 plugins.
Preloading 0 native plugins for Editor in 0.00 ms.
Mono: successfully reloaded assembly
- Completed reload, in  1.988 seconds
Platform modules already initialized, skipping
Switching build target platform(19) subTarget(0) extendedPlatform(0) -> platform(13) subTarget(537395200) extendedPlatform(0)
Refreshing native plugins compatible for Editor in 0.64 ms, found 1 plugins.
Preloading 0 native plugins for Editor in 0.00 ms.
Unloading 2722 Unused Serialized files (Serialized files now loaded: 0)
System memory in use before: 123.7 MB.
System memory in use after: 123.9 MB.

Unloading 10 unused Assets to reduce memory usage. Loaded Objects now: 3308.
Total: 4.029700 ms (FindLiveObjects: 0.363500 ms CreateObjectMapping: 0.241100 ms MarkObjects: 3.338100 ms  DeleteObjects: 0.085300 ms)

AssetImportParameters requested are different than current active one (requested -> active):
  custom:graphics/normal-map-encoding: 01000000000000000000000000000000 -> 02000000000000000000000000000000
========================================================================
Received Prepare
Registering precompiled user dll's ...
Registered in 0.005025 seconds.
Begin MonoManager ReloadAssembly
Native extension for WindowsStandalone target not found
Refreshing native plugins compatible for Editor in 0.64 ms, found 1 plugins.
Preloading 0 native plugins for Editor in 0.00 ms.
Mono: successfully reloaded assembly
- Completed reload, in  1.919 seconds
Platform modules already initialized, skipping
Switching build target platform(19) subTarget(0) extendedPlatform(0) -> platform(13) subTarget(537395200) extendedPlatform(0)
Refreshing native plugins compatible for Editor in 0.67 ms, found 1 plugins.
Preloading 0 native plugins for Editor in 0.00 ms.
Unloading 2722 Unused Serialized files (Serialized files now loaded: 0)
System memory in use before: 123.7 MB.
System memory in use after: 123.9 MB.

Unloading 10 unused Assets to reduce memory usage. Loaded Objects now: 3311.
Total: 3.686600 ms (FindLiveObjects: 0.522800 ms CreateObjectMapping: 0.347100 ms MarkObjects: 2.749200 ms  DeleteObjects: 0.065900 ms)

AssetImportParameters requested are different than current active one (requested -> active):
  custom:graphics/normal-map-encoding: 01000000000000000000000000000000 -> 02000000000000000000000000000000
========================================================================
Received Import Request.
  Time since last request: 65.311873 seconds.
  path: Assets/Prefabs/ExplosionСubeMini.prefab
  artifactKey: Guid(1547237c5750c434aaf96367cae942cb) Importer(815301076,1909f56bfc062723c751e8b465ee728b)
Start importing Assets/Prefabs/ExplosionСubeMini.prefab using Guid(1547237c5750c434aaf96367cae942cb) Importer(815301076,1909f56bfc062723c751e8b465ee728b)  -> (artifact id: '66c7c8fa2466b013cb7ca73b2f45cdf7') in 0.043625 seconds 
========================================================================
Received Import Request.
  Time since last request: 9.115034 seconds.
  path: Assets/Prefabs/ExplosionСubeMini.prefab
  artifactKey: Guid(1547237c5750c434aaf96367cae942cb) Importer(815301076,1909f56bfc062723c751e8b465ee728b)
Start importing Assets/Prefabs/ExplosionСubeMini.prefab using Guid(1547237c5750c434aaf96367cae942cb) Importer(815301076,1909f56bfc062723c751e8b465ee728b)  -> (artifact id: '2dd61d8e1679250ec58dd56ea0aa399f') in 0.007105 seconds 
========================================================================
Received Import Request.
  Time since last request: 7.140988 seconds.
  path: Assets/Prefabs/ExplosionСubeMini.prefab
  artifactKey: Guid(1547237c5750c434aaf96367cae942cb) Importer(815301076,1909f56bfc062723c751e8b465ee728b)
Start importing Assets/Prefabs/ExplosionСubeMini.prefab using Guid(1547237c5750c434aaf96367cae942cb) Importer(815301076,1909f56bfc062723c751e8b465ee728b)  -> (artifact id: 'f70d0b5694f5564bc504944e14331508') in 0.010362 seconds 
========================================================================
Received Import Request.
  Time since last request: 5.112253 seconds.
  path: Assets/Prefabs/ExplosionСubeMini.prefab
  artifactKey: Guid(1547237c5750c434aaf96367cae942cb) Importer(815301076,1909f56bfc062723c751e8b465ee728b)
Start importing Assets/Prefabs/ExplosionСubeMini.prefab using Guid(1547237c5750c434aaf96367cae942cb) Importer(815301076,1909f56bfc062723c751e8b465ee728b)  -> (artifact id: '4418492fcf84eae1252550ddcef0e1a4') in 0.007527 seconds 
========================================================================
Received Import Request.
  Time since last request: 1.799694 seconds.
  path: Assets/Prefabs/ExplosionСubeMini.prefab
  artifactKey: Guid(1547237c5750c434aaf96367cae942cb) Importer(815301076,1909f56bfc062723c751e8b465ee728b)
Start importing Assets/Prefabs/ExplosionСubeMini.prefab using Guid(1547237c5750c434aaf96367cae942cb) Importer(815301076,1909f56bfc062723c751e8b465ee728b)  -> (artifact id: '47f578a5d388fe642900aa7ff8e7e968') in 0.007052 seconds 
========================================================================
Received Import Request.
  Time since last request: 2.238458 seconds.
  path: Assets/Prefabs/ExplosionСubeMini.prefab
  artifactKey: Guid(1547237c5750c434aaf96367cae942cb) Importer(815301076,1909f56bfc062723c751e8b465ee728b)
Start importing Assets/Prefabs/ExplosionСubeMini.prefab using Guid(1547237c5750c434aaf96367cae942cb) Importer(815301076,1909f56bfc062723c751e8b465ee728b)  -> (artifact id: '1b3cb9ec33fca0b9422fc90342536171') in 0.007050 seconds 
========================================================================
Received Import Request.
  Time since last request: 2.673771 seconds.
  path: Assets/Prefabs/ExplosionСubeMini.prefab
  artifactKey: Guid(1547237c5750c434aaf96367cae942cb) Importer(815301076,1909f56bfc062723c751e8b465ee728b)
Start importing Assets/Prefabs/ExplosionСubeMini.prefab using Guid(1547237c5750c434aaf96367cae942cb) Importer(815301076,1909f56bfc062723c751e8b465ee728b)  -> (artifact id: '02a5e4b94cd787d1ed54ee7256bbc02b') in 0.006748 seconds 
========================================================================
Received Import Request.
  Time since last request: 6.926082 seconds.
  path: Assets/Prefabs/ExplosionСubeMini.prefab
  artifactKey: Guid(1547237c5750c434aaf96367cae942cb) Importer(815301076,1909f56bfc062723c751e8b465ee728b)
Start importing Assets/Prefabs/ExplosionСubeMini.prefab using Guid(1547237c5750c434aaf96367cae942cb) Importer(815301076,1909f56bfc062723c751e8b465ee728b)  -> (artifact id: '2147f4c160c702ed6c1405a13300270d') in 0.009750 seconds 
========================================================================
Received Import Request.
  Time since last request: 50.851345 seconds.
  path: Assets/Scripts/ExplosionCubeEffect.cs
  artifactKey: Guid(796a89efe6db2f14b998b3ae73c45b04) Importer(815301076,1909f56bfc062723c751e8b465ee728b)
Start importing Assets/Scripts/ExplosionCubeEffect.cs using Guid(796a89efe6db2f14b998b3ae73c45b04) Importer(815301076,1909f56bfc062723c751e8b465ee728b)  -> (artifact id: '8bbce6f0743326ef26d2403da9f07a32') in 0.016296 seconds 
========================================================================
Received Prepare
Registering precompiled user dll's ...
Registered in 0.004945 seconds.
Begin MonoManager ReloadAssembly
Native extension for WindowsStandalone target not found
Refreshing native plugins compatible for Editor in 0.64 ms, found 1 plugins.
Preloading 0 native plugins for Editor in 0.00 ms.
Mono: successfully reloaded assembly
- Completed reload, in  1.560 seconds
Platform modules already initialized, skipping
Switching build target platform(19) subTarget(0) extendedPlatform(0) -> platform(13) subTarget(537395200) extendedPlatform(0)
Refreshing native plugins compatible for Editor in 0.62 ms, found 1 plugins.
Preloading 0 native plugins for Editor in 0.00 ms.
Unloading 2722 Unused Serialized files (Serialized files now loaded: 0)
System memory in use before: 123.7 MB.
System memory in use after: 123.9 MB.

Unloading 10 unused Assets to reduce memory usage. Loaded Objects now: 3314.
Total: 2.965900 ms (FindLiveObjects: 0.308800 ms CreateObjectMapping: 0.181500 ms MarkObjects: 2.408700 ms  DeleteObjects: 0.065500 ms)

AssetImportParameters requested are different than current active one (requested -> active):
  custom:graphics/normal-map-encoding: 01000000000000000000000000000000 -> 02000000000000000000000000000000
========================================================================
Received Import Request.
  Time since last request: 122.190339 seconds.
  path: Assets/Scripts/UI/DifficultyDisplay.cs
  artifactKey: Guid(e9e588eb3f185b74598fabd9d79d6a8c) Importer(815301076,1909f56bfc062723c751e8b465ee728b)
Start importing Assets/Scripts/UI/DifficultyDisplay.cs using Guid(e9e588eb3f185b74598fabd9d79d6a8c) Importer(815301076,1909f56bfc062723c751e8b465ee728b)  -> (artifact id: '07cbb55f7bfa3dc49c91477d3c57f847') in 0.017954 seconds 
========================================================================
Received Prepare
Registering precompiled user dll's ...
Registered in 0.005476 seconds.
Begin MonoManager ReloadAssembly
Native extension for WindowsStandalone target not found
Refreshing native plugins compatible for Editor in 1.73 ms, found 1 plugins.
Preloading 0 native plugins for Editor in 0.00 ms.
Mono: successfully reloaded assembly
- Completed reload, in  2.688 seconds
Platform modules already initialized, skipping
Switching build target platform(19) subTarget(0) extendedPlatform(0) -> platform(13) subTarget(537395200) extendedPlatform(0)
Refreshing native plugins compatible for Editor in 0.67 ms, found 1 plugins.
Preloading 0 native plugins for Editor in 0.00 ms.
Unloading 2723 Unused Serialized files (Serialized files now loaded: 0)
System memory in use before: 123.7 MB.
System memory in use after: 123.9 MB.

Unloading 10 unused Assets to reduce memory usage. Loaded Objects now: 3318.
Total: 2.983800 ms (FindLiveObjects: 0.301600 ms CreateObjectMapping: 0.209700 ms MarkObjects: 2.403400 ms  DeleteObjects: 0.067200 ms)

AssetImportParameters requested are different than current active one (requested -> active):
  custom:graphics/normal-map-encoding: 01000000000000000000000000000000 -> 02000000000000000000000000000000
========================================================================
Received Prepare
Registering precompiled user dll's ...
Registered in 0.004752 seconds.
Begin MonoManager ReloadAssembly
Native extension for WindowsStandalone target not found
Refreshing native plugins compatible for Editor in 0.64 ms, found 1 plugins.
Preloading 0 native plugins for Editor in 0.00 ms.
Mono: successfully reloaded assembly
- Completed reload, in  1.687 seconds
Platform modules already initialized, skipping
Switching build target platform(19) subTarget(0) extendedPlatform(0) -> platform(13) subTarget(537395200) extendedPlatform(0)
Refreshing native plugins compatible for Editor in 1.00 ms, found 1 plugins.
Preloading 0 native plugins for Editor in 0.00 ms.
Unloading 2723 Unused Serialized files (Serialized files now loaded: 0)
System memory in use before: 123.7 MB.
System memory in use after: 123.9 MB.

Unloading 10 unused Assets to reduce memory usage. Loaded Objects now: 3321.
Total: 3.509400 ms (FindLiveObjects: 0.509900 ms CreateObjectMapping: 0.233000 ms MarkObjects: 2.686500 ms  DeleteObjects: 0.077800 ms)

AssetImportParameters requested are different than current active one (requested -> active):
  custom:graphics/normal-map-encoding: 01000000000000000000000000000000 -> 02000000000000000000000000000000
========================================================================
Received Prepare
Registering precompiled user dll's ...
Registered in 0.005817 seconds.
Begin MonoManager ReloadAssembly
Native extension for WindowsStandalone target not found
Refreshing native plugins compatible for Editor in 0.68 ms, found 1 plugins.
Preloading 0 native plugins for Editor in 0.00 ms.
Mono: successfully reloaded assembly
- Completed reload, in  1.732 seconds
Platform modules already initialized, skipping
Switching build target platform(19) subTarget(0) extendedPlatform(0) -> platform(13) subTarget(537395200) extendedPlatform(0)
Refreshing native plugins compatible for Editor in 0.69 ms, found 1 plugins.
Preloading 0 native plugins for Editor in 0.00 ms.
Unloading 2723 Unused Serialized files (Serialized files now loaded: 0)
System memory in use before: 123.7 MB.
System memory in use after: 123.9 MB.

Unloading 10 unused Assets to reduce memory usage. Loaded Objects now: 3324.
Total: 3.867300 ms (FindLiveObjects: 0.309300 ms CreateObjectMapping: 0.187400 ms MarkObjects: 3.286100 ms  DeleteObjects: 0.083200 ms)

AssetImportParameters requested are different than current active one (requested -> active):
  custom:graphics/normal-map-encoding: 01000000000000000000000000000000 -> 02000000000000000000000000000000
========================================================================
Received Prepare
Registering precompiled user dll's ...
Registered in 0.005237 seconds.
Begin MonoManager ReloadAssembly
Native extension for WindowsStandalone target not found
Refreshing native plugins compatible for Editor in 0.64 ms, found 1 plugins.
Preloading 0 native plugins for Editor in 0.00 ms.
Mono: successfully reloaded assembly
- Completed reload, in  1.705 seconds
Platform modules already initialized, skipping
Switching build target platform(19) subTarget(0) extendedPlatform(0) -> platform(13) subTarget(537395200) extendedPlatform(0)
Refreshing native plugins compatible for Editor in 0.62 ms, found 1 plugins.
Preloading 0 native plugins for Editor in 0.00 ms.
Unloading 2723 Unused Serialized files (Serialized files now loaded: 0)
System memory in use before: 123.7 MB.
System memory in use after: 123.9 MB.

Unloading 10 unused Assets to reduce memory usage. Loaded Objects now: 3327.
Total: 2.941600 ms (FindLiveObjects: 0.289000 ms CreateObjectMapping: 0.188700 ms MarkObjects: 2.396400 ms  DeleteObjects: 0.066400 ms)

AssetImportParameters requested are different than current active one (requested -> active):
  custom:graphics/normal-map-encoding: 01000000000000000000000000000000 -> 02000000000000000000000000000000
========================================================================
Received Prepare
Registering precompiled user dll's ...
Registered in 0.005043 seconds.
Begin MonoManager ReloadAssembly
Native extension for WindowsStandalone target not found
Refreshing native plugins compatible for Editor in 1.01 ms, found 1 plugins.
Preloading 0 native plugins for Editor in 0.00 ms.
Mono: successfully reloaded assembly
- Completed reload, in  2.021 seconds
Platform modules already initialized, skipping
Switching build target platform(19) subTarget(0) extendedPlatform(0) -> platform(13) subTarget(537395200) extendedPlatform(0)
Refreshing native plugins compatible for Editor in 1.08 ms, found 1 plugins.
Preloading 0 native plugins for Editor in 0.00 ms.
Unloading 2723 Unused Serialized files (Serialized files now loaded: 0)
System memory in use before: 123.7 MB.
System memory in use after: 123.9 MB.

Unloading 10 unused Assets to reduce memory usage. Loaded Objects now: 3330.
Total: 3.259900 ms (FindLiveObjects: 0.308300 ms CreateObjectMapping: 0.204000 ms MarkObjects: 2.683300 ms  DeleteObjects: 0.063100 ms)

AssetImportParameters requested are different than current active one (requested -> active):
  custom:graphics/normal-map-encoding: 01000000000000000000000000000000 -> 02000000000000000000000000000000
========================================================================
Received Prepare
Registering precompiled user dll's ...
Registered in 0.004866 seconds.
Begin MonoManager ReloadAssembly
Native extension for WindowsStandalone target not found
Refreshing native plugins compatible for Editor in 0.90 ms, found 1 plugins.
Preloading 0 native plugins for Editor in 0.00 ms.
Mono: successfully reloaded assembly
- Completed reload, in  1.690 seconds
Platform modules already initialized, skipping
Switching build target platform(19) subTarget(0) extendedPlatform(0) -> platform(13) subTarget(537395200) extendedPlatform(0)
Refreshing native plugins compatible for Editor in 0.61 ms, found 1 plugins.
Preloading 0 native plugins for Editor in 0.00 ms.
Unloading 2723 Unused Serialized files (Serialized files now loaded: 0)
System memory in use before: 123.8 MB.
System memory in use after: 124.0 MB.

Unloading 10 unused Assets to reduce memory usage. Loaded Objects now: 3333.
Total: 3.213900 ms (FindLiveObjects: 0.298900 ms CreateObjectMapping: 0.178200 ms MarkObjects: 2.677600 ms  DeleteObjects: 0.058100 ms)

AssetImportParameters requested are different than current active one (requested -> active):
  custom:graphics/normal-map-encoding: 01000000000000000000000000000000 -> 02000000000000000000000000000000
========================================================================
Received Prepare
Registering precompiled user dll's ...
Registered in 0.004828 seconds.
Begin MonoManager ReloadAssembly
Native extension for WindowsStandalone target not found
Refreshing native plugins compatible for Editor in 0.66 ms, found 1 plugins.
Preloading 0 native plugins for Editor in 0.00 ms.
Mono: successfully reloaded assembly
- Completed reload, in  1.737 seconds
Platform modules already initialized, skipping
Switching build target platform(19) subTarget(0) extendedPlatform(0) -> platform(13) subTarget(537395200) extendedPlatform(0)
Refreshing native plugins compatible for Editor in 0.98 ms, found 1 plugins.
Preloading 0 native plugins for Editor in 0.00 ms.
Unloading 2723 Unused Serialized files (Serialized files now loaded: 0)
System memory in use before: 123.8 MB.
System memory in use after: 124.0 MB.

Unloading 10 unused Assets to reduce memory usage. Loaded Objects now: 3336.
Total: 3.427000 ms (FindLiveObjects: 0.432800 ms CreateObjectMapping: 0.233900 ms MarkObjects: 2.691400 ms  DeleteObjects: 0.067000 ms)

AssetImportParameters requested are different than current active one (requested -> active):
  custom:graphics/normal-map-encoding: 01000000000000000000000000000000 -> 02000000000000000000000000000000
========================================================================
Received Prepare
Registering precompiled user dll's ...
Registered in 0.005353 seconds.
Begin MonoManager ReloadAssembly
Native extension for WindowsStandalone target not found
Refreshing native plugins compatible for Editor in 0.96 ms, found 1 plugins.
Preloading 0 native plugins for Editor in 0.00 ms.
Mono: successfully reloaded assembly
- Completed reload, in  2.158 seconds
Platform modules already initialized, skipping
Switching build target platform(19) subTarget(0) extendedPlatform(0) -> platform(13) subTarget(537395200) extendedPlatform(0)
Refreshing native plugins compatible for Editor in 0.63 ms, found 1 plugins.
Preloading 0 native plugins for Editor in 0.00 ms.
Unloading 2723 Unused Serialized files (Serialized files now loaded: 0)
System memory in use before: 123.8 MB.
System memory in use after: 124.0 MB.

Unloading 10 unused Assets to reduce memory usage. Loaded Objects now: 3339.
Total: 3.328900 ms (FindLiveObjects: 0.347700 ms CreateObjectMapping: 0.217500 ms MarkObjects: 2.692500 ms  DeleteObjects: 0.069500 ms)

AssetImportParameters requested are different than current active one (requested -> active):
  custom:graphics/normal-map-encoding: 01000000000000000000000000000000 -> 02000000000000000000000000000000
========================================================================
Received Prepare
Registering precompiled user dll's ...
Registered in 0.005078 seconds.
Begin MonoManager ReloadAssembly
Native extension for WindowsStandalone target not found
Refreshing native plugins compatible for Editor in 0.62 ms, found 1 plugins.
Preloading 0 native plugins for Editor in 0.00 ms.
Mono: successfully reloaded assembly
- Completed reload, in  2.114 seconds
Platform modules already initialized, skipping
Switching build target platform(19) subTarget(0) extendedPlatform(0) -> platform(13) subTarget(537395200) extendedPlatform(0)
Refreshing native plugins compatible for Editor in 0.62 ms, found 1 plugins.
Preloading 0 native plugins for Editor in 0.00 ms.
Unloading 2723 Unused Serialized files (Serialized files now loaded: 0)
System memory in use before: 123.8 MB.
System memory in use after: 124.0 MB.

Unloading 10 unused Assets to reduce memory usage. Loaded Objects now: 3342.
Total: 3.011000 ms (FindLiveObjects: 0.296500 ms CreateObjectMapping: 0.170400 ms MarkObjects: 2.474000 ms  DeleteObjects: 0.067100 ms)

AssetImportParameters requested are different than current active one (requested -> active):
  custom:graphics/normal-map-encoding: 01000000000000000000000000000000 -> 02000000000000000000000000000000
========================================================================
Received Prepare
Registering precompiled user dll's ...
Registered in 0.004788 seconds.
Begin MonoManager ReloadAssembly
Native extension for WindowsStandalone target not found
Refreshing native plugins compatible for Editor in 0.63 ms, found 1 plugins.
Preloading 0 native plugins for Editor in 0.00 ms.
Mono: successfully reloaded assembly
- Completed reload, in  1.714 seconds
Platform modules already initialized, skipping
Switching build target platform(19) subTarget(0) extendedPlatform(0) -> platform(13) subTarget(537395200) extendedPlatform(0)
Refreshing native plugins compatible for Editor in 0.63 ms, found 1 plugins.
Preloading 0 native plugins for Editor in 0.00 ms.
Unloading 2723 Unused Serialized files (Serialized files now loaded: 0)
System memory in use before: 123.8 MB.
System memory in use after: 124.0 MB.

Unloading 10 unused Assets to reduce memory usage. Loaded Objects now: 3345.
Total: 3.061500 ms (FindLiveObjects: 0.286600 ms CreateObjectMapping: 0.183500 ms MarkObjects: 2.527300 ms  DeleteObjects: 0.063000 ms)

AssetImportParameters requested are different than current active one (requested -> active):
  custom:graphics/normal-map-encoding: 01000000000000000000000000000000 -> 02000000000000000000000000000000
========================================================================
Received Prepare
Registering precompiled user dll's ...
Registered in 0.004829 seconds.
Begin MonoManager ReloadAssembly
Native extension for WindowsStandalone target not found
Refreshing native plugins compatible for Editor in 0.63 ms, found 1 plugins.
Preloading 0 native plugins for Editor in 0.00 ms.
Mono: successfully reloaded assembly
- Completed reload, in  1.791 seconds
Platform modules already initialized, skipping
Switching build target platform(19) subTarget(0) extendedPlatform(0) -> platform(13) subTarget(537395200) extendedPlatform(0)
Refreshing native plugins compatible for Editor in 0.75 ms, found 1 plugins.
Preloading 0 native plugins for Editor in 0.00 ms.
Unloading 2723 Unused Serialized files (Serialized files now loaded: 0)
System memory in use before: 123.8 MB.
System memory in use after: 124.0 MB.

Unloading 10 unused Assets to reduce memory usage. Loaded Objects now: 3348.
Total: 3.615300 ms (FindLiveObjects: 0.302600 ms CreateObjectMapping: 0.201300 ms MarkObjects: 3.037100 ms  DeleteObjects: 0.072800 ms)

AssetImportParameters requested are different than current active one (requested -> active):
  custom:graphics/normal-map-encoding: 01000000000000000000000000000000 -> 02000000000000000000000000000000
========================================================================
Received Prepare
Registering precompiled user dll's ...
Registered in 0.004841 seconds.
Begin MonoManager ReloadAssembly
Native extension for WindowsStandalone target not found
Refreshing native plugins compatible for Editor in 0.77 ms, found 1 plugins.
Preloading 0 native plugins for Editor in 0.00 ms.
Mono: successfully reloaded assembly
- Completed reload, in  2.023 seconds
Platform modules already initialized, skipping
Switching build target platform(19) subTarget(0) extendedPlatform(0) -> platform(13) subTarget(537395200) extendedPlatform(0)
Refreshing native plugins compatible for Editor in 0.71 ms, found 1 plugins.
Preloading 0 native plugins for Editor in 0.00 ms.
Unloading 2723 Unused Serialized files (Serialized files now loaded: 0)
System memory in use before: 123.8 MB.
System memory in use after: 124.0 MB.

Unloading 10 unused Assets to reduce memory usage. Loaded Objects now: 3351.
Total: 3.371300 ms (FindLiveObjects: 0.309600 ms CreateObjectMapping: 0.181600 ms MarkObjects: 2.811200 ms  DeleteObjects: 0.067500 ms)

AssetImportParameters requested are different than current active one (requested -> active):
  custom:graphics/normal-map-encoding: 01000000000000000000000000000000 -> 02000000000000000000000000000000
========================================================================
Received Prepare
Registering precompiled user dll's ...
Registered in 0.005333 seconds.
Begin MonoManager ReloadAssembly
Native extension for WindowsStandalone target not found
Refreshing native plugins compatible for Editor in 1.06 ms, found 1 plugins.
Preloading 0 native plugins for Editor in 0.00 ms.
Mono: successfully reloaded assembly
- Completed reload, in  2.013 seconds
Platform modules already initialized, skipping
Switching build target platform(19) subTarget(0) extendedPlatform(0) -> platform(13) subTarget(537395200) extendedPlatform(0)
Refreshing native plugins compatible for Editor in 0.89 ms, found 1 plugins.
Preloading 0 native plugins for Editor in 0.00 ms.
Unloading 2722 Unused Serialized files (Serialized files now loaded: 0)
System memory in use before: 123.8 MB.
System memory in use after: 124.0 MB.

Unloading 11 unused Assets to reduce memory usage. Loaded Objects now: 3353.
Total: 4.324200 ms (FindLiveObjects: 0.373000 ms CreateObjectMapping: 0.225100 ms MarkObjects: 3.623300 ms  DeleteObjects: 0.100600 ms)

AssetImportParameters requested are different than current active one (requested -> active):
  custom:graphics/normal-map-encoding: 01000000000000000000000000000000 -> 02000000000000000000000000000000
========================================================================
Received Prepare
Registering precompiled user dll's ...
Registered in 0.004908 seconds.
Begin MonoManager ReloadAssembly
Native extension for WindowsStandalone target not found
Refreshing native plugins compatible for Editor in 0.66 ms, found 1 plugins.
Preloading 0 native plugins for Editor in 0.00 ms.
Mono: successfully reloaded assembly
- Completed reload, in  1.882 seconds
Platform modules already initialized, skipping
Switching build target platform(19) subTarget(0) extendedPlatform(0) -> platform(13) subTarget(537395200) extendedPlatform(0)
Refreshing native plugins compatible for Editor in 0.66 ms, found 1 plugins.
Preloading 0 native plugins for Editor in 0.00 ms.
Unloading 2722 Unused Serialized files (Serialized files now loaded: 0)
System memory in use before: 123.8 MB.
System memory in use after: 124.0 MB.

Unloading 10 unused Assets to reduce memory usage. Loaded Objects now: 3356.
Total: 3.000900 ms (FindLiveObjects: 0.307900 ms CreateObjectMapping: 0.177300 ms MarkObjects: 2.445000 ms  DeleteObjects: 0.069600 ms)

AssetImportParameters requested are different than current active one (requested -> active):
  custom:graphics/normal-map-encoding: 01000000000000000000000000000000 -> 02000000000000000000000000000000
========================================================================
Received Import Request.
  Time since last request: 5538.697592 seconds.
  path: Assets/Material/ShardOfCube.mat
  artifactKey: Guid(875b10b2574a6ff42836417405bfb79d) Importer(815301076,1909f56bfc062723c751e8b465ee728b)
Start importing Assets/Material/ShardOfCube.mat using Guid(875b10b2574a6ff42836417405bfb79d) Importer(815301076,1909f56bfc062723c751e8b465ee728b)  -> (artifact id: 'f90fdce316dbadd4c9ef4ca5ef6a246e') in 0.133707 seconds 
========================================================================
Received Prepare
Registering precompiled user dll's ...
Registered in 0.006783 seconds.
Begin MonoManager ReloadAssembly
Native extension for WindowsStandalone target not found
Refreshing native plugins compatible for Editor in 0.60 ms, found 1 plugins.
Preloading 0 native plugins for Editor in 0.00 ms.
Mono: successfully reloaded assembly
- Completed reload, in  1.808 seconds
Platform modules already initialized, skipping
Switching build target platform(19) subTarget(0) extendedPlatform(0) -> platform(13) subTarget(537395200) extendedPlatform(0)
Refreshing native plugins compatible for Editor in 0.69 ms, found 1 plugins.
Preloading 0 native plugins for Editor in 0.00 ms.
Unloading 2722 Unused Serialized files (Serialized files now loaded: 0)
System memory in use before: 123.8 MB.
System memory in use after: 124.0 MB.

Unloading 10 unused Assets to reduce memory usage. Loaded Objects now: 3360.
Total: 3.120300 ms (FindLiveObjects: 0.318000 ms CreateObjectMapping: 0.182400 ms MarkObjects: 2.554300 ms  DeleteObjects: 0.064500 ms)

AssetImportParameters requested are different than current active one (requested -> active):
  custom:graphics/normal-map-encoding: 01000000000000000000000000000000 -> 02000000000000000000000000000000
========================================================================
Received Prepare
Registering precompiled user dll's ...
Registered in 0.005421 seconds.
Begin MonoManager ReloadAssembly
Native extension for WindowsStandalone target not found
Refreshing native plugins compatible for Editor in 0.67 ms, found 1 plugins.
Preloading 0 native plugins for Editor in 0.00 ms.
Mono: successfully reloaded assembly
- Completed reload, in  1.969 seconds
Platform modules already initialized, skipping
Switching build target platform(19) subTarget(0) extendedPlatform(0) -> platform(13) subTarget(537395200) extendedPlatform(0)
Refreshing native plugins compatible for Editor in 0.92 ms, found 1 plugins.
Preloading 0 native plugins for Editor in 0.00 ms.
Unloading 2722 Unused Serialized files (Serialized files now loaded: 0)
System memory in use before: 123.8 MB.
System memory in use after: 124.0 MB.

Unloading 10 unused Assets to reduce memory usage. Loaded Objects now: 3363.
Total: 4.974400 ms (FindLiveObjects: 0.499300 ms CreateObjectMapping: 0.326400 ms MarkObjects: 4.037800 ms  DeleteObjects: 0.108800 ms)

AssetImportParameters requested are different than current active one (requested -> active):
  custom:graphics/normal-map-encoding: 01000000000000000000000000000000 -> 02000000000000000000000000000000
========================================================================
Received Import Request.
  Time since last request: 673.458322 seconds.
  path: Assets/Audio
  artifactKey: Guid(985fecc28525528439c3fd6cd706a46e) Importer(815301076,1909f56bfc062723c751e8b465ee728b)
Start importing Assets/Audio using Guid(985fecc28525528439c3fd6cd706a46e) Importer(815301076,1909f56bfc062723c751e8b465ee728b)  -> (artifact id: '8ecc006b2b6b6a637f5f09bedb9fdbc0') in 0.017901 seconds 
========================================================================
Received Import Request.
  Time since last request: 44.227952 seconds.
  path: Assets/Audio/Ксилофон (минус) - _Золотые зёрна кукурузы_ Кингстайя (www.hotplayer.ru).mp3
  artifactKey: Guid(cf0b39bc211625b4899bc10b41fcf926) Importer(815301076,1909f56bfc062723c751e8b465ee728b)
Start importing Assets/Audio/Ксилофон (минус) - _Золотые зёрна кукурузы_ Кингстайя (www.hotplayer.ru).mp3 using Guid(cf0b39bc211625b4899bc10b41fcf926) Importer(815301076,1909f56bfc062723c751e8b465ee728b)  -> (artifact id: '552458bde00c88aaa80bcabcb82552d3') in 0.099349 seconds 
========================================================================
Received Prepare
Registering precompiled user dll's ...
Registered in 0.005180 seconds.
Begin MonoManager ReloadAssembly
Native extension for WindowsStandalone target not found
Refreshing native plugins compatible for Editor in 0.69 ms, found 1 plugins.
Preloading 0 native plugins for Editor in 0.00 ms.
Mono: successfully reloaded assembly
- Completed reload, in  1.831 seconds
Platform modules already initialized, skipping
Switching build target platform(19) subTarget(0) extendedPlatform(0) -> platform(13) subTarget(537395200) extendedPlatform(0)
Refreshing native plugins compatible for Editor in 0.67 ms, found 1 plugins.
Preloading 0 native plugins for Editor in 0.00 ms.
Unloading 2722 Unused Serialized files (Serialized files now loaded: 0)
System memory in use before: 123.9 MB.
System memory in use after: 124.1 MB.

Unloading 10 unused Assets to reduce memory usage. Loaded Objects now: 3369.
Total: 3.417100 ms (FindLiveObjects: 0.590700 ms CreateObjectMapping: 0.230600 ms MarkObjects: 2.526900 ms  DeleteObjects: 0.067600 ms)

AssetImportParameters requested are different than current active one (requested -> active):
  custom:graphics/normal-map-encoding: 01000000000000000000000000000000 -> 02000000000000000000000000000000
========================================================================
Received Prepare
Registering precompiled user dll's ...
Registered in 0.005040 seconds.
Begin MonoManager ReloadAssembly
Native extension for WindowsStandalone target not found
Refreshing native plugins compatible for Editor in 0.62 ms, found 1 plugins.
Preloading 0 native plugins for Editor in 0.00 ms.
Mono: successfully reloaded assembly
- Completed reload, in  1.825 seconds
Platform modules already initialized, skipping
Switching build target platform(19) subTarget(0) extendedPlatform(0) -> platform(13) subTarget(537395200) extendedPlatform(0)
Refreshing native plugins compatible for Editor in 0.66 ms, found 1 plugins.
Preloading 0 native plugins for Editor in 0.00 ms.
Unloading 2722 Unused Serialized files (Serialized files now loaded: 0)
System memory in use before: 123.9 MB.
System memory in use after: 124.1 MB.

Unloading 10 unused Assets to reduce memory usage. Loaded Objects now: 3372.
Total: 3.180700 ms (FindLiveObjects: 0.303900 ms CreateObjectMapping: 0.165500 ms MarkObjects: 2.610800 ms  DeleteObjects: 0.098800 ms)

AssetImportParameters requested are different than current active one (requested -> active):
  custom:graphics/normal-map-encoding: 01000000000000000000000000000000 -> 02000000000000000000000000000000
========================================================================
Received Prepare
Registering precompiled user dll's ...
Registered in 0.005682 seconds.
Begin MonoManager ReloadAssembly
Native extension for WindowsStandalone target not found
Refreshing native plugins compatible for Editor in 0.64 ms, found 1 plugins.
Preloading 0 native plugins for Editor in 0.00 ms.
Mono: successfully reloaded assembly
- Completed reload, in  1.898 seconds
Platform modules already initialized, skipping
Switching build target platform(19) subTarget(0) extendedPlatform(0) -> platform(13) subTarget(537395200) extendedPlatform(0)
Refreshing native plugins compatible for Editor in 0.71 ms, found 1 plugins.
Preloading 0 native plugins for Editor in 0.00 ms.
Unloading 2722 Unused Serialized files (Serialized files now loaded: 0)
System memory in use before: 123.9 MB.
System memory in use after: 124.1 MB.

Unloading 10 unused Assets to reduce memory usage. Loaded Objects now: 3375.
Total: 4.416300 ms (FindLiveObjects: 0.536000 ms CreateObjectMapping: 0.267600 ms MarkObjects: 3.523400 ms  DeleteObjects: 0.087400 ms)

AssetImportParameters requested are different than current active one (requested -> active):
  custom:graphics/normal-map-encoding: 01000000000000000000000000000000 -> 02000000000000000000000000000000
========================================================================
Received Prepare
Registering precompiled user dll's ...
Registered in 0.006472 seconds.
Begin MonoManager ReloadAssembly
Native extension for WindowsStandalone target not found
Refreshing native plugins compatible for Editor in 0.73 ms, found 1 plugins.
Preloading 0 native plugins for Editor in 0.00 ms.
Mono: successfully reloaded assembly
- Completed reload, in  2.317 seconds
Platform modules already initialized, skipping
Switching build target platform(19) subTarget(0) extendedPlatform(0) -> platform(13) subTarget(537395200) extendedPlatform(0)
Refreshing native plugins compatible for Editor in 1.07 ms, found 1 plugins.
Preloading 0 native plugins for Editor in 0.00 ms.
Unloading 2722 Unused Serialized files (Serialized files now loaded: 0)
System memory in use before: 123.9 MB.
System memory in use after: 124.1 MB.

Unloading 10 unused Assets to reduce memory usage. Loaded Objects now: 3378.
Total: 4.351500 ms (FindLiveObjects: 0.314400 ms CreateObjectMapping: 0.194300 ms MarkObjects: 3.771000 ms  DeleteObjects: 0.069700 ms)

AssetImportParameters requested are different than current active one (requested -> active):
  custom:graphics/normal-map-encoding: 01000000000000000000000000000000 -> 02000000000000000000000000000000
========================================================================
Received Prepare
Registering precompiled user dll's ...
Registered in 0.006841 seconds.
Begin MonoManager ReloadAssembly
Native extension for WindowsStandalone target not found
Refreshing native plugins compatible for Editor in 0.85 ms, found 1 plugins.
Preloading 0 native plugins for Editor in 0.00 ms.
Mono: successfully reloaded assembly
- Completed reload, in  2.582 seconds
Platform modules already initialized, skipping
Switching build target platform(19) subTarget(0) extendedPlatform(0) -> platform(13) subTarget(537395200) extendedPlatform(0)
Refreshing native plugins compatible for Editor in 0.91 ms, found 1 plugins.
Preloading 0 native plugins for Editor in 0.00 ms.
Unloading 2722 Unused Serialized files (Serialized files now loaded: 0)
System memory in use before: 123.9 MB.
System memory in use after: 124.1 MB.

Unloading 10 unused Assets to reduce memory usage. Loaded Objects now: 3381.
Total: 4.032400 ms (FindLiveObjects: 0.560700 ms CreateObjectMapping: 0.334900 ms MarkObjects: 3.053100 ms  DeleteObjects: 0.082000 ms)

AssetImportParameters requested are different than current active one (requested -> active):
  custom:graphics/normal-map-encoding: 01000000000000000000000000000000 -> 02000000000000000000000000000000
